[debug] [2021-12-02T15:00:30.045Z] ----------------------------------------------------------------------
[debug] [2021-12-02T15:00:30.051Z] Command:       C:\Program Files\nodejs\node.exe C:\Users\Lenovo\AppData\Roaming\npm\node_modules\firebase-tools\lib\bin\firebase.js init
[debug] [2021-12-02T15:00:30.052Z] CLI Version:   9.22.0
[debug] [2021-12-02T15:00:30.052Z] Platform:      win32
[debug] [2021-12-02T15:00:30.052Z] Node Version:  v16.13.0
[debug] [2021-12-02T15:00:30.054Z] Time:          Thu Dec 02 2021 20:30:30 GMT+0530 (India Standard Time)
[debug] [2021-12-02T15:00:30.055Z] ----------------------------------------------------------------------
[debug] 
[debug] [2021-12-02T15:00:30.232Z] > command requires scopes: ["email","openid","https://www.googleapis.com/auth/cloudplatformprojects.readonly","https://www.googleapis.com/auth/firebase","https://www.googleapis.com/auth/cloud-platform"]
[debug] [2021-12-02T15:00:30.233Z] > authorizing via signed-in user (palvitiwari913@gmail.com)
[info] 
     ######## #### ########  ######## ########     ###     ######  ########
     ##        ##  ##     ## ##       ##     ##  ##   ##  ##       ##
     ######    ##  ########  ######   ########  #########  ######  ######
     ##        ##  ##    ##  ##       ##     ## ##     ##       ## ##
     ##       #### ##     ## ######## ########  ##     ##  ######  ########

You're about to initialize a Firebase project in this directory:

  C:\Users\Lenovo\OneDrive\Documents\projects\coach-react-app

Before we get started, keep in mind:

  * You are initializing within an existing Firebase project directory

[info] 
=== Project Setup
[info] 
[info] First, let's associate this project directory with a Firebase project.
[info] You can create multiple project aliases by running firebase use --add, 
[info] but for now we'll just set up a default project.
[info] 
[info] i  .firebaserc already has a default project, using coach-champion-admin. 
[debug] [2021-12-02T15:00:44.266Z] > refreshing access token with scopes: []
[debug] [2021-12-02T15:00:44.267Z] >>> HTTP REQUEST POST https://www.googleapis.com/oauth2/v3/token  
 <request body omitted>
[debug] [2021-12-02T15:00:44.821Z] <<< HTTP RESPONSE 200 {"pragma":"no-cache","expires":"Mon, 01 Jan 1990 00:00:00 GMT","date":"Thu, 02 Dec 2021 15:00:46 GMT","cache-control":"no-cache, no-store, max-age=0, must-revalidate","content-type":"application/json; charset=utf-8","vary":"X-Origin, Referer, Origin,Accept-Encoding","server":"scaffolding on HTTPServer2","x-xss-protection":"0","x-frame-options":"SAMEORIGIN","x-content-type-options":"nosniff","alt-svc":"h3=\":443\"; ma=2592000,h3-29=\":443\"; ma=2592000,h3-Q050=\":443\"; ma=2592000,h3-Q046=\":443\"; ma=2592000,h3-Q043=\":443\"; ma=2592000,quic=\":443\"; ma=2592000; v=\"46,43\"","accept-ranges":"none","transfer-encoding":"chunked"}
[debug] [2021-12-02T15:00:44.895Z] >>> [apiv2][query] GET https://firebase.googleapis.com/v1beta1/projects/coach-champion-admin [none]
[debug] [2021-12-02T15:00:45.625Z] <<< [apiv2][status] GET https://firebase.googleapis.com/v1beta1/projects/coach-champion-admin 200
[debug] [2021-12-02T15:00:45.626Z] <<< [apiv2][body] GET https://firebase.googleapis.com/v1beta1/projects/coach-champion-admin {"projectId":"coach-champion-admin","projectNumber":"663324044118","displayName":"coach-champion-admin","name":"projects/coach-champion-admin","resources":{"hostingSite":"coach-champion-admin"},"state":"ACTIVE"}
[info] 
=== Hosting Setup
[info] 
[info] Your public directory is the folder (relative to your project directory) that
[info] will contain Hosting assets to be uploaded with firebase deploy. If you
[info] have a build process for your assets, use your build's output directory.
[info] 
